  FileSystem.cpp
  ofxBlurShader.cpp
  ofxTextBlock.cpp
  AppSetting.cpp
  EntryScene.cpp
  DataViewer.cpp
  Ingame.cpp
  InitializeScene.cpp
  KeyBeam.cpp
  MusicCard.cpp
  ofBackgroundPlayer.cpp
  ofSelectSlider.cpp
c:\users\seto_\desktop\development\of_v0.10.1_vs2017_release\apps\myapps\e-beat\src\gamesetting\appsetting.cpp : warning C4819: 현재 코드 페이지(949)에서 표시할 수 없는 문자가 파일에 들어 있습니다. 데이터가 손실되지 않게 하려면 해당 파일을 유니코드 형식으로 저장하십시오.
c:\users\seto_\desktop\development\of_v0.10.1_vs2017_release\apps\myapps\e-beat\src\scene\entryscene.cpp : warning C4819: 현재 코드 페이지(949)에서 표시할 수 없는 문자가 파일에 들어 있습니다. 데이터가 손실되지 않게 하려면 해당 파일을 유니코드 형식으로 저장하십시오.
c:\users\seto_\desktop\development\of_v0.10.1_vs2017_release\apps\myapps\e-beat\src\scene\initialize\initializescene.cpp : warning C4819: 현재 코드 페이지(949)에서 표시할 수 없는 문자가 파일에 들어 있습니다. 데이터가 손실되지 않게 하려면 해당 파일을 유니코드 형식으로 저장하십시오.
c:\users\seto_\desktop\development\of_v0.10.1_vs2017_release\apps\myapps\e-beat\src\scene\ingame\extension\dataviewer.cpp : warning C4819: 현재 코드 페이지(949)에서 표시할 수 없는 문자가 파일에 들어 있습니다. 데이터가 손실되지 않게 하려면 해당 파일을 유니코드 형식으로 저장하십시오.
c:\users\seto_\desktop\development\of_v0.10.1_vs2017_release\apps\myapps\e-beat\src\scene\musicselect\extension\ofbackgroundplayer.cpp : warning C4819: 현재 코드 페이지(949)에서 표시할 수 없는 문자가 파일에 들어 있습니다. 데이터가 손실되지 않게 하려면 해당 파일을 유니코드 형식으로 저장하십시오.
c:\users\seto_\desktop\development\of_v0.10.1_vs2017_release\apps\myapps\e-beat\src\extension\filesystem.cpp : warning C4819: 현재 코드 페이지(949)에서 표시할 수 없는 문자가 파일에 들어 있습니다. 데이터가 손실되지 않게 하려면 해당 파일을 유니코드 형식으로 저장하십시오.
c:\users\seto_\desktop\development\of_v0.10.1_vs2017_release\apps\myapps\e-beat\src\gamesetting\appsetting.hpp : warning C4819: 현재 코드 페이지(949)에서 표시할 수 없는 문자가 파일에 들어 있습니다. 데이터가 손실되지 않게 하려면 해당 파일을 유니코드 형식으로 저장하십시오. (소스 파일 컴파일 중 src\GameSetting\AppSetting.cpp)
c:\users\seto_\desktop\development\of_v0.10.1_vs2017_release\apps\myapps\e-beat\src\scene\entryscene.hpp : warning C4819: 현재 코드 페이지(949)에서 표시할 수 없는 문자가 파일에 들어 있습니다. 데이터가 손실되지 않게 하려면 해당 파일을 유니코드 형식으로 저장하십시오. (소스 파일 컴파일 중 src\Scene\EntryScene.cpp)
c:\users\seto_\desktop\development\of_v0.10.1_vs2017_release\apps\myapps\e-beat\src\scene\initialize\initializescene.hpp : warning C4819: 현재 코드 페이지(949)에서 표시할 수 없는 문자가 파일에 들어 있습니다. 데이터가 손실되지 않게 하려면 해당 파일을 유니코드 형식으로 저장하십시오. (소스 파일 컴파일 중 src\Scene\Initialize\InitializeScene.cpp)
c:\users\seto_\desktop\development\of_v0.10.1_vs2017_release\apps\myapps\e-beat\src\scene\ingame\extension\dataviewer.hpp : warning C4819: 현재 코드 페이지(949)에서 표시할 수 없는 문자가 파일에 들어 있습니다. 데이터가 손실되지 않게 하려면 해당 파일을 유니코드 형식으로 저장하십시오. (소스 파일 컴파일 중 src\Scene\Ingame\Extension\DataViewer.cpp)
c:\users\seto_\desktop\development\of_v0.10.1_vs2017_release\apps\myapps\e-beat\src\scene\ingame\ingame.cpp : warning C4819: 현재 코드 페이지(949)에서 표시할 수 없는 문자가 파일에 들어 있습니다. 데이터가 손실되지 않게 하려면 해당 파일을 유니코드 형식으로 저장하십시오.
c:\users\seto_\desktop\development\of_v0.10.1_vs2017_release\apps\myapps\e-beat\src\extension\filesystem.hpp : warning C4819: 현재 코드 페이지(949)에서 표시할 수 없는 문자가 파일에 들어 있습니다. 데이터가 손실되지 않게 하려면 해당 파일을 유니코드 형식으로 저장하십시오. (소스 파일 컴파일 중 src\Extension\FileSystem.cpp)
c:\users\seto_\desktop\development\of_v0.10.1_vs2017_release\apps\myapps\e-beat\src\scene\ingame\ingame.hpp : warning C4819: 현재 코드 페이지(949)에서 표시할 수 없는 문자가 파일에 들어 있습니다. 데이터가 손실되지 않게 하려면 해당 파일을 유니코드 형식으로 저장하십시오. (소스 파일 컴파일 중 src\Scene\Ingame\Ingame.cpp)
