  ofxQRCodeGenerator.cpp
  Result.cpp
  ofApp.cpp
x:\development\of_v0.10.1_vs2017_release\apps\myapps\e-beat\src\scene\result\result.hpp : warning C4819: 현재 코드 페이지(949)에서 표시할 수 없는 문자가 파일에 들어 있습니다. 데이터가 손실되지 않게 하려면 해당 파일을 유니코드 형식으로 저장하십시오. (소스 파일 컴파일 중 src\Scene\Result\Result.cpp)
x:\development\of_v0.10.1_vs2017_release\libs\openframeworks\math\ofvec3f.h : warning C4819: 현재 코드 페이지(949)에서 표시할 수 없는 문자가 파일에 들어 있습니다. 데이터가 손실되지 않게 하려면 해당 파일을 유니코드 형식으로 저장하십시오. (소스 파일 컴파일 중 src\ofApp.cpp)
x:\development\of_v0.10.1_vs2017_release\libs\openframeworks\math\ofvec2f.h : warning C4819: 현재 코드 페이지(949)에서 표시할 수 없는 문자가 파일에 들어 있습니다. 데이터가 손실되지 않게 하려면 해당 파일을 유니코드 형식으로 저장하십시오. (소스 파일 컴파일 중 src\ofApp.cpp)
x:\development\of_v0.10.1_vs2017_release\libs\openframeworks\math\ofvec3f.h : warning C4819: 현재 코드 페이지(949)에서 표시할 수 없는 문자가 파일에 들어 있습니다. 데이터가 손실되지 않게 하려면 해당 파일을 유니코드 형식으로 저장하십시오. (소스 파일 컴파일 중 src\Extension\ofxQRCodeGenerator.cpp)
x:\development\of_v0.10.1_vs2017_release\libs\openframeworks\math\ofvec2f.h : warning C4819: 현재 코드 페이지(949)에서 표시할 수 없는 문자가 파일에 들어 있습니다. 데이터가 손실되지 않게 하려면 해당 파일을 유니코드 형식으로 저장하십시오. (소스 파일 컴파일 중 src\Extension\ofxQRCodeGenerator.cpp)
x:\development\of_v0.10.1_vs2017_release\libs\openframeworks\math\ofvec3f.h : warning C4819: 현재 코드 페이지(949)에서 표시할 수 없는 문자가 파일에 들어 있습니다. 데이터가 손실되지 않게 하려면 해당 파일을 유니코드 형식으로 저장하십시오. (소스 파일 컴파일 중 src\Scene\Result\Result.cpp)
x:\development\of_v0.10.1_vs2017_release\libs\openframeworks\math\ofvec2f.h : warning C4819: 현재 코드 페이지(949)에서 표시할 수 없는 문자가 파일에 들어 있습니다. 데이터가 손실되지 않게 하려면 해당 파일을 유니코드 형식으로 저장하십시오. (소스 파일 컴파일 중 src\Scene\Result\Result.cpp)
x:\development\of_v0.10.1_vs2017_release\libs\openframeworks\math\ofmatrix4x4.h(326): warning C4267: '인수': 'size_t'에서 'int'(으)로 변환하면서 데이터가 손실될 수 있습니다. (소스 파일 컴파일 중 src\ofApp.cpp)
x:\development\of_v0.10.1_vs2017_release\libs\openframeworks\math\ofmatrix4x4.h(331): warning C4267: '인수': 'size_t'에서 'int'(으)로 변환하면서 데이터가 손실될 수 있습니다. (소스 파일 컴파일 중 src\ofApp.cpp)
x:\development\of_v0.10.1_vs2017_release\libs\openframeworks\math\ofmatrix4x4.h(326): warning C4267: '인수': 'size_t'에서 'int'(으)로 변환하면서 데이터가 손실될 수 있습니다. (소스 파일 컴파일 중 src\Scene\Result\Result.cpp)
x:\development\of_v0.10.1_vs2017_release\libs\openframeworks\math\ofmatrix4x4.h(331): warning C4267: '인수': 'size_t'에서 'int'(으)로 변환하면서 데이터가 손실될 수 있습니다. (소스 파일 컴파일 중 src\Scene\Result\Result.cpp)
x:\development\of_v0.10.1_vs2017_release\libs\openframeworks\math\ofmatrix4x4.h(326): warning C4267: '인수': 'size_t'에서 'int'(으)로 변환하면서 데이터가 손실될 수 있습니다. (소스 파일 컴파일 중 src\Extension\ofxQRCodeGenerator.cpp)
x:\development\of_v0.10.1_vs2017_release\libs\openframeworks\math\ofmatrix4x4.h(331): warning C4267: '인수': 'size_t'에서 'int'(으)로 변환하면서 데이터가 손실될 수 있습니다. (소스 파일 컴파일 중 src\Extension\ofxQRCodeGenerator.cpp)
x:\development\of_v0.10.1_vs2017_release\libs\openframeworks\math\ofmatrix4x4.h(912): warning C4267: '인수': 'size_t'에서 'int'(으)로 변환하면서 데이터가 손실될 수 있습니다. (소스 파일 컴파일 중 src\ofApp.cpp)
x:\development\of_v0.10.1_vs2017_release\libs\openframeworks\math\ofmatrix4x4.h(913): warning C4267: '인수': 'size_t'에서 'int'(으)로 변환하면서 데이터가 손실될 수 있습니다. (소스 파일 컴파일 중 src\ofApp.cpp)
x:\development\of_v0.10.1_vs2017_release\libs\openframeworks\math\ofmatrix4x4.h(914): warning C4267: '인수': 'size_t'에서 'int'(으)로 변환하면서 데이터가 손실될 수 있습니다. (소스 파일 컴파일 중 src\ofApp.cpp)
x:\development\of_v0.10.1_vs2017_release\libs\openframeworks\math\ofmatrix4x4.h(915): warning C4267: '인수': 'size_t'에서 'int'(으)로 변환하면서 데이터가 손실될 수 있습니다. (소스 파일 컴파일 중 src\ofApp.cpp)
x:\development\of_v0.10.1_vs2017_release\libs\openframeworks\math\ofmatrix4x4.h(912): warning C4267: '인수': 'size_t'에서 'int'(으)로 변환하면서 데이터가 손실될 수 있습니다. (소스 파일 컴파일 중 src\Scene\Result\Result.cpp)
x:\development\of_v0.10.1_vs2017_release\libs\openframeworks\math\ofmatrix4x4.h(913): warning C4267: '인수': 'size_t'에서 'int'(으)로 변환하면서 데이터가 손실될 수 있습니다. (소스 파일 컴파일 중 src\Scene\Result\Result.cpp)
x:\development\of_v0.10.1_vs2017_release\libs\openframeworks\math\ofmatrix4x4.h(914): warning C4267: '인수': 'size_t'에서 'int'(으)로 변환하면서 데이터가 손실될 수 있습니다. (소스 파일 컴파일 중 src\Scene\Result\Result.cpp)
x:\development\of_v0.10.1_vs2017_release\libs\openframeworks\math\ofmatrix4x4.h(912): warning C4267: '인수': 'size_t'에서 'int'(으)로 변환하면서 데이터가 손실될 수 있습니다. (소스 파일 컴파일 중 src\Extension\ofxQRCodeGenerator.cpp)
x:\development\of_v0.10.1_vs2017_release\libs\openframeworks\math\ofmatrix4x4.h(915): warning C4267: '인수': 'size_t'에서 'int'(으)로 변환하면서 데이터가 손실될 수 있습니다. (소스 파일 컴파일 중 src\Scene\Result\Result.cpp)
x:\development\of_v0.10.1_vs2017_release\libs\openframeworks\math\ofmatrix4x4.h(913): warning C4267: '인수': 'size_t'에서 'int'(으)로 변환하면서 데이터가 손실될 수 있습니다. (소스 파일 컴파일 중 src\Extension\ofxQRCodeGenerator.cpp)
x:\development\of_v0.10.1_vs2017_release\libs\openframeworks\math\ofmatrix4x4.h(914): warning C4267: '인수': 'size_t'에서 'int'(으)로 변환하면서 데이터가 손실될 수 있습니다. (소스 파일 컴파일 중 src\Extension\ofxQRCodeGenerator.cpp)
x:\development\of_v0.10.1_vs2017_release\libs\openframeworks\math\ofmatrix4x4.h(915): warning C4267: '인수': 'size_t'에서 'int'(으)로 변환하면서 데이터가 손실될 수 있습니다. (소스 파일 컴파일 중 src\Extension\ofxQRCodeGenerator.cpp)
x:\development\of_v0.10.1_vs2017_release\apps\myapps\e-beat\src\scene\ingame\extension\dataviewer.hpp : warning C4819: 현재 코드 페이지(949)에서 표시할 수 없는 문자가 파일에 들어 있습니다. 데이터가 손실되지 않게 하려면 해당 파일을 유니코드 형식으로 저장하십시오. (소스 파일 컴파일 중 src\Scene\Result\Result.cpp)
x:\development\of_v0.10.1_vs2017_release\apps\myapps\e-beat\src\extension\filesystem.hpp : warning C4819: 현재 코드 페이지(949)에서 표시할 수 없는 문자가 파일에 들어 있습니다. 데이터가 손실되지 않게 하려면 해당 파일을 유니코드 형식으로 저장하십시오. (소스 파일 컴파일 중 src\Scene\Result\Result.cpp)
x:\development\of_v0.10.1_vs2017_release\apps\myapps\e-beat\src\extension\parser.hpp : warning C4819: 현재 코드 페이지(949)에서 표시할 수 없는 문자가 파일에 들어 있습니다. 데이터가 손실되지 않게 하려면 해당 파일을 유니코드 형식으로 저장하십시오. (소스 파일 컴파일 중 src\Scene\Result\Result.cpp)
x:\development\of_v0.10.1_vs2017_release\apps\myapps\e-beat\src\scene\ingame\extension\lanedata.hpp : warning C4819: 현재 코드 페이지(949)에서 표시할 수 없는 문자가 파일에 들어 있습니다. 데이터가 손실되지 않게 하려면 해당 파일을 유니코드 형식으로 저장하십시오. (소스 파일 컴파일 중 src\Scene\Result\Result.cpp)
x:\development\of_v0.10.1_vs2017_release\apps\myapps\e-beat\src\scene\ingame\extension\ofnote.hpp : warning C4819: 현재 코드 페이지(949)에서 표시할 수 없는 문자가 파일에 들어 있습니다. 데이터가 손실되지 않게 하려면 해당 파일을 유니코드 형식으로 저장하십시오. (소스 파일 컴파일 중 src\Scene\Result\Result.cpp)
x:\development\of_v0.10.1_vs2017_release\apps\myapps\e-beat\src\extension\filesystem.hpp : warning C4819: 현재 코드 페이지(949)에서 표시할 수 없는 문자가 파일에 들어 있습니다. 데이터가 손실되지 않게 하려면 해당 파일을 유니코드 형식으로 저장하십시오. (소스 파일 컴파일 중 src\ofApp.cpp)
x:\development\of_v0.10.1_vs2017_release\apps\myapps\e-beat\src\extension\parser.hpp : warning C4819: 현재 코드 페이지(949)에서 표시할 수 없는 문자가 파일에 들어 있습니다. 데이터가 손실되지 않게 하려면 해당 파일을 유니코드 형식으로 저장하십시오. (소스 파일 컴파일 중 src\ofApp.cpp)
x:\development\of_v0.10.1_vs2017_release\apps\myapps\e-beat\src\scene\ingame\extension\lanedata.hpp : warning C4819: 현재 코드 페이지(949)에서 표시할 수 없는 문자가 파일에 들어 있습니다. 데이터가 손실되지 않게 하려면 해당 파일을 유니코드 형식으로 저장하십시오. (소스 파일 컴파일 중 src\ofApp.cpp)
x:\development\of_v0.10.1_vs2017_release\apps\myapps\e-beat\src\scene\ingame\extension\ofnote.hpp : warning C4819: 현재 코드 페이지(949)에서 표시할 수 없는 문자가 파일에 들어 있습니다. 데이터가 손실되지 않게 하려면 해당 파일을 유니코드 형식으로 저장하십시오. (소스 파일 컴파일 중 src\ofApp.cpp)
x:\development\of_v0.10.1_vs2017_release\apps\myapps\e-beat\src\scene\initialize\initializescene.hpp : warning C4819: 현재 코드 페이지(949)에서 표시할 수 없는 문자가 파일에 들어 있습니다. 데이터가 손실되지 않게 하려면 해당 파일을 유니코드 형식으로 저장하십시오. (소스 파일 컴파일 중 src\ofApp.cpp)
x:\development\of_v0.10.1_vs2017_release\apps\myapps\e-beat\src\scene\entryscene.hpp : warning C4819: 현재 코드 페이지(949)에서 표시할 수 없는 문자가 파일에 들어 있습니다. 데이터가 손실되지 않게 하려면 해당 파일을 유니코드 형식으로 저장하십시오. (소스 파일 컴파일 중 src\ofApp.cpp)
x:\development\of_v0.10.1_vs2017_release\apps\myapps\e-beat\src\scene\musicselect\musicselect.hpp : warning C4819: 현재 코드 페이지(949)에서 표시할 수 없는 문자가 파일에 들어 있습니다. 데이터가 손실되지 않게 하려면 해당 파일을 유니코드 형식으로 저장하십시오. (소스 파일 컴파일 중 src\ofApp.cpp)
x:\development\of_v0.10.1_vs2017_release\apps\myapps\e-beat\src\scene\ingame\ingame.hpp : warning C4819: 현재 코드 페이지(949)에서 표시할 수 없는 문자가 파일에 들어 있습니다. 데이터가 손실되지 않게 하려면 해당 파일을 유니코드 형식으로 저장하십시오. (소스 파일 컴파일 중 src\ofApp.cpp)
x:\development\of_v0.10.1_vs2017_release\apps\myapps\e-beat\src\scene\ingame\extension\dataviewer.hpp : warning C4819: 현재 코드 페이지(949)에서 표시할 수 없는 문자가 파일에 들어 있습니다. 데이터가 손실되지 않게 하려면 해당 파일을 유니코드 형식으로 저장하십시오. (소스 파일 컴파일 중 src\ofApp.cpp)
x:\development\of_v0.10.1_vs2017_release\apps\myapps\e-beat\src\scene\result\result.cpp(102): warning C4996: 'ofImage_<unsigned char>::loadImage': Use load instead
  x:\development\of_v0.10.1_vs2017_release\libs\openframeworks\graphics\ofimage.h(227): note: 'ofImage_<unsigned char>::loadImage' 선언을 참조하십시오.
x:\development\of_v0.10.1_vs2017_release\apps\myapps\e-beat\src\scene\result\result.cpp(103): warning C4996: 'ofImage_<unsigned char>::loadImage': Use load instead
  x:\development\of_v0.10.1_vs2017_release\libs\openframeworks\graphics\ofimage.h(227): note: 'ofImage_<unsigned char>::loadImage' 선언을 참조하십시오.
x:\development\of_v0.10.1_vs2017_release\apps\myapps\e-beat\src\scene\result\result.cpp(104): warning C4996: 'ofImage_<unsigned char>::loadImage': Use load instead
  x:\development\of_v0.10.1_vs2017_release\libs\openframeworks\graphics\ofimage.h(227): note: 'ofImage_<unsigned char>::loadImage' 선언을 참조하십시오.
x:\development\of_v0.10.1_vs2017_release\apps\myapps\e-beat\src\scene\result\result.cpp(105): warning C4996: 'ofImage_<unsigned char>::loadImage': Use load instead
  x:\development\of_v0.10.1_vs2017_release\libs\openframeworks\graphics\ofimage.h(227): note: 'ofImage_<unsigned char>::loadImage' 선언을 참조하십시오.
x:\development\of_v0.10.1_vs2017_release\apps\myapps\e-beat\src\scene\result\result.cpp(106): warning C4996: 'ofImage_<unsigned char>::loadImage': Use load instead
  x:\development\of_v0.10.1_vs2017_release\libs\openframeworks\graphics\ofimage.h(227): note: 'ofImage_<unsigned char>::loadImage' 선언을 참조하십시오.
x:\development\of_v0.10.1_vs2017_release\apps\myapps\e-beat\src\scene\result\result.cpp(107): warning C4996: 'ofImage_<unsigned char>::loadImage': Use load instead
  x:\development\of_v0.10.1_vs2017_release\libs\openframeworks\graphics\ofimage.h(227): note: 'ofImage_<unsigned char>::loadImage' 선언을 참조하십시오.
x:\development\of_v0.10.1_vs2017_release\apps\myapps\e-beat\src\scene\result\result.cpp(108): warning C4996: 'ofImage_<unsigned char>::loadImage': Use load instead
  x:\development\of_v0.10.1_vs2017_release\libs\openframeworks\graphics\ofimage.h(227): note: 'ofImage_<unsigned char>::loadImage' 선언을 참조하십시오.
x:\development\of_v0.10.1_vs2017_release\apps\myapps\e-beat\src\scene\result\result.cpp(109): warning C4996: 'ofImage_<unsigned char>::loadImage': Use load instead
  x:\development\of_v0.10.1_vs2017_release\libs\openframeworks\graphics\ofimage.h(227): note: 'ofImage_<unsigned char>::loadImage' 선언을 참조하십시오.
x:\development\of_v0.10.1_vs2017_release\apps\myapps\e-beat\src\scene\ingame\extension\laneviewer.hpp : warning C4819: 현재 코드 페이지(949)에서 표시할 수 없는 문자가 파일에 들어 있습니다. 데이터가 손실되지 않게 하려면 해당 파일을 유니코드 형식으로 저장하십시오. (소스 파일 컴파일 중 src\ofApp.cpp)
x:\development\of_v0.10.1_vs2017_release\apps\myapps\e-beat\src\scene\result\result.hpp : warning C4819: 현재 코드 페이지(949)에서 표시할 수 없는 문자가 파일에 들어 있습니다. 데이터가 손실되지 않게 하려면 해당 파일을 유니코드 형식으로 저장하십시오. (소스 파일 컴파일 중 src\ofApp.cpp)
  E-Beat.vcxproj -> X:\Development\of_v0.10.1_vs2017_release\apps\myApps\E-Beat\bin\E-Beat_debug.exe
  
  	                   2	X:\Development\of_v0.10.1_vs2017_release\libs\fmodex\lib\vs\x64\
  	  *추가 파일  		 1266176	X:\Development\of_v0.10.1_vs2017_release\apps\myApps\E-Beat\bin\fmodex.dll
  	  *추가 파일  		 1312768	X:\Development\of_v0.10.1_vs2017_release\apps\myApps\E-Beat\bin\fmodexL.dll
  	  *추가 파일  		 6942208	X:\Development\of_v0.10.1_vs2017_release\apps\myApps\E-Beat\bin\FreeImage.dll
  
  	                   1	X:\Development\of_v0.10.1_vs2017_release\libs\FreeImage\lib\vs\x64\
  	  *추가 파일  		 1266176	X:\Development\of_v0.10.1_vs2017_release\apps\myApps\E-Beat\bin\fmodex.dll
  	  *추가 파일  		 1503232	X:\Development\of_v0.10.1_vs2017_release\apps\myApps\E-Beat\bin\fmodex64.dll
  	  *추가 파일  		 1312768	X:\Development\of_v0.10.1_vs2017_release\apps\myApps\E-Beat\bin\fmodexL.dll
  	  *추가 파일  		 1552384	X:\Development\of_v0.10.1_vs2017_release\apps\myApps\E-Beat\bin\fmodexL64.dll
