  InitializeScene.cpp
  MusicCard.cpp
  ofSelectSlider.cpp
  MusicList.cpp
  MusicSelect.cpp
  main.cpp
  ofApp.cpp
x:\development\of_v0.10.1_vs2017_release\apps\myapps\e-beat\src\scene\initialize\initializescene.cpp : warning C4819: 현재 코드 페이지(949)에서 표시할 수 없는 문자가 파일에 들어 있습니다. 데이터가 손실되지 않게 하려면 해당 파일을 유니코드 형식으로 저장하십시오.
x:\development\of_v0.10.1_vs2017_release\apps\myapps\e-beat\src\scene\initialize\initializescene.hpp : warning C4819: 현재 코드 페이지(949)에서 표시할 수 없는 문자가 파일에 들어 있습니다. 데이터가 손실되지 않게 하려면 해당 파일을 유니코드 형식으로 저장하십시오. (소스 파일 컴파일 중 src\Scene\Initialize\InitializeScene.cpp)
x:\development\of_v0.10.1_vs2017_release\apps\myapps\e-beat\src\scene\musicselect\musicselect.cpp : warning C4819: 현재 코드 페이지(949)에서 표시할 수 없는 문자가 파일에 들어 있습니다. 데이터가 손실되지 않게 하려면 해당 파일을 유니코드 형식으로 저장하십시오.
x:\development\of_v0.10.1_vs2017_release\apps\myapps\e-beat\src\scene\musicselect\musicselect.hpp : warning C4819: 현재 코드 페이지(949)에서 표시할 수 없는 문자가 파일에 들어 있습니다. 데이터가 손실되지 않게 하려면 해당 파일을 유니코드 형식으로 저장하십시오. (소스 파일 컴파일 중 src\Scene\MusicSelect\MusicSelect.cpp)
x:\development\of_v0.10.1_vs2017_release\libs\openframeworks\math\ofvec3f.h : warning C4819: 현재 코드 페이지(949)에서 표시할 수 없는 문자가 파일에 들어 있습니다. 데이터가 손실되지 않게 하려면 해당 파일을 유니코드 형식으로 저장하십시오. (소스 파일 컴파일 중 src\Scene\Initialize\InitializeScene.cpp)
x:\development\of_v0.10.1_vs2017_release\libs\openframeworks\math\ofvec2f.h : warning C4819: 현재 코드 페이지(949)에서 표시할 수 없는 문자가 파일에 들어 있습니다. 데이터가 손실되지 않게 하려면 해당 파일을 유니코드 형식으로 저장하십시오. (소스 파일 컴파일 중 src\Scene\Initialize\InitializeScene.cpp)
x:\development\of_v0.10.1_vs2017_release\libs\openframeworks\math\ofvec3f.h : warning C4819: 현재 코드 페이지(949)에서 표시할 수 없는 문자가 파일에 들어 있습니다. 데이터가 손실되지 않게 하려면 해당 파일을 유니코드 형식으로 저장하십시오. (소스 파일 컴파일 중 src\Scene\MusicSelect\Extension\ofSelectSlider.cpp)
x:\development\of_v0.10.1_vs2017_release\libs\openframeworks\math\ofvec2f.h : warning C4819: 현재 코드 페이지(949)에서 표시할 수 없는 문자가 파일에 들어 있습니다. 데이터가 손실되지 않게 하려면 해당 파일을 유니코드 형식으로 저장하십시오. (소스 파일 컴파일 중 src\Scene\MusicSelect\Extension\ofSelectSlider.cpp)
x:\development\of_v0.10.1_vs2017_release\libs\openframeworks\math\ofvec3f.h : warning C4819: 현재 코드 페이지(949)에서 표시할 수 없는 문자가 파일에 들어 있습니다. 데이터가 손실되지 않게 하려면 해당 파일을 유니코드 형식으로 저장하십시오. (소스 파일 컴파일 중 src\Scene\MusicSelect\Extension\MusicCard.cpp)
x:\development\of_v0.10.1_vs2017_release\libs\openframeworks\math\ofvec2f.h : warning C4819: 현재 코드 페이지(949)에서 표시할 수 없는 문자가 파일에 들어 있습니다. 데이터가 손실되지 않게 하려면 해당 파일을 유니코드 형식으로 저장하십시오. (소스 파일 컴파일 중 src\Scene\MusicSelect\Extension\MusicCard.cpp)
x:\development\of_v0.10.1_vs2017_release\libs\openframeworks\math\ofvec3f.h : warning C4819: 현재 코드 페이지(949)에서 표시할 수 없는 문자가 파일에 들어 있습니다. 데이터가 손실되지 않게 하려면 해당 파일을 유니코드 형식으로 저장하십시오. (소스 파일 컴파일 중 src\main.cpp)
x:\development\of_v0.10.1_vs2017_release\libs\openframeworks\math\ofvec2f.h : warning C4819: 현재 코드 페이지(949)에서 표시할 수 없는 문자가 파일에 들어 있습니다. 데이터가 손실되지 않게 하려면 해당 파일을 유니코드 형식으로 저장하십시오. (소스 파일 컴파일 중 src\main.cpp)
x:\development\of_v0.10.1_vs2017_release\libs\openframeworks\math\ofvec3f.h : warning C4819: 현재 코드 페이지(949)에서 표시할 수 없는 문자가 파일에 들어 있습니다. 데이터가 손실되지 않게 하려면 해당 파일을 유니코드 형식으로 저장하십시오. (소스 파일 컴파일 중 src\ofApp.cpp)
x:\development\of_v0.10.1_vs2017_release\libs\openframeworks\math\ofvec2f.h : warning C4819: 현재 코드 페이지(949)에서 표시할 수 없는 문자가 파일에 들어 있습니다. 데이터가 손실되지 않게 하려면 해당 파일을 유니코드 형식으로 저장하십시오. (소스 파일 컴파일 중 src\ofApp.cpp)
x:\development\of_v0.10.1_vs2017_release\libs\openframeworks\math\ofvec3f.h : warning C4819: 현재 코드 페이지(949)에서 표시할 수 없는 문자가 파일에 들어 있습니다. 데이터가 손실되지 않게 하려면 해당 파일을 유니코드 형식으로 저장하십시오. (소스 파일 컴파일 중 src\Scene\MusicSelect\MusicList.cpp)
x:\development\of_v0.10.1_vs2017_release\libs\openframeworks\math\ofvec2f.h : warning C4819: 현재 코드 페이지(949)에서 표시할 수 없는 문자가 파일에 들어 있습니다. 데이터가 손실되지 않게 하려면 해당 파일을 유니코드 형식으로 저장하십시오. (소스 파일 컴파일 중 src\Scene\MusicSelect\MusicList.cpp)
x:\development\of_v0.10.1_vs2017_release\libs\openframeworks\math\ofvec3f.h : warning C4819: 현재 코드 페이지(949)에서 표시할 수 없는 문자가 파일에 들어 있습니다. 데이터가 손실되지 않게 하려면 해당 파일을 유니코드 형식으로 저장하십시오. (소스 파일 컴파일 중 src\Scene\MusicSelect\MusicSelect.cpp)
x:\development\of_v0.10.1_vs2017_release\libs\openframeworks\math\ofvec2f.h : warning C4819: 현재 코드 페이지(949)에서 표시할 수 없는 문자가 파일에 들어 있습니다. 데이터가 손실되지 않게 하려면 해당 파일을 유니코드 형식으로 저장하십시오. (소스 파일 컴파일 중 src\Scene\MusicSelect\MusicSelect.cpp)
x:\development\of_v0.10.1_vs2017_release\apps\myapps\e-beat\src\scene\musicselect\extension\musiccard.cpp(13): warning C4996: 'ofImage_<unsigned char>::loadImage': Use load instead
  x:\development\of_v0.10.1_vs2017_release\libs\openframeworks\graphics\ofimage.h(227): note: 'ofImage_<unsigned char>::loadImage' 선언을 참조하십시오.
x:\development\of_v0.10.1_vs2017_release\apps\myapps\e-beat\src\scene\musicselect\extension\musiccard.cpp(14): warning C4996: 'ofImage_<unsigned char>::loadImage': Use load instead
  x:\development\of_v0.10.1_vs2017_release\libs\openframeworks\graphics\ofimage.h(227): note: 'ofImage_<unsigned char>::loadImage' 선언을 참조하십시오.
x:\development\of_v0.10.1_vs2017_release\apps\myapps\e-beat\src\scene\musicselect\extension\musiccard.cpp(101): warning C4996: 'ofImage_<unsigned char>::loadImage': Use load instead
  x:\development\of_v0.10.1_vs2017_release\libs\openframeworks\graphics\ofimage.h(227): note: 'ofImage_<unsigned char>::loadImage' 선언을 참조하십시오.
x:\development\of_v0.10.1_vs2017_release\apps\myapps\e-beat\src\scene\initialize\initializescene.cpp(22): warning C4018: '<': signed 또는 unsigned가 일치하지 않습니다.
x:\development\of_v0.10.1_vs2017_release\apps\myapps\e-beat\src\scene\entryscene.hpp : warning C4819: 현재 코드 페이지(949)에서 표시할 수 없는 문자가 파일에 들어 있습니다. 데이터가 손실되지 않게 하려면 해당 파일을 유니코드 형식으로 저장하십시오. (소스 파일 컴파일 중 src\ofApp.cpp)
x:\development\of_v0.10.1_vs2017_release\apps\myapps\e-beat\src\scene\musicselect\musicselect.hpp : warning C4819: 현재 코드 페이지(949)에서 표시할 수 없는 문자가 파일에 들어 있습니다. 데이터가 손실되지 않게 하려면 해당 파일을 유니코드 형식으로 저장하십시오. (소스 파일 컴파일 중 src\ofApp.cpp)
x:\development\of_v0.10.1_vs2017_release\apps\myapps\e-beat\src\scene\initialize\initializescene.hpp : warning C4819: 현재 코드 페이지(949)에서 표시할 수 없는 문자가 파일에 들어 있습니다. 데이터가 손실되지 않게 하려면 해당 파일을 유니코드 형식으로 저장하십시오. (소스 파일 컴파일 중 src\ofApp.cpp)
x:\development\of_v0.10.1_vs2017_release\apps\myapps\e-beat\src\scene\musicselect\musicselect.cpp(11): warning C4996: 'ofImage_<unsigned char>::loadImage': Use load instead
  x:\development\of_v0.10.1_vs2017_release\libs\openframeworks\graphics\ofimage.h(227): note: 'ofImage_<unsigned char>::loadImage' 선언을 참조하십시오.
x:\development\of_v0.10.1_vs2017_release\apps\myapps\e-beat\src\scene\musicselect\musicselect.cpp(15): warning C4996: 'ofImage_<unsigned char>::loadImage': Use load instead
  x:\development\of_v0.10.1_vs2017_release\libs\openframeworks\graphics\ofimage.h(227): note: 'ofImage_<unsigned char>::loadImage' 선언을 참조하십시오.
     bin\E-Beat_debug.lib 라이브러리 및 bin\E-Beat_debug.exp 개체를 생성하고 있습니다.
  E-Beat.vcxproj -> X:\Development\of_v0.10.1_vs2017_release\apps\myApps\E-Beat\bin\E-Beat_debug.exe
  
  	                   2	X:\Development\of_v0.10.1_vs2017_release\libs\fmodex\lib\vs\Win32\
  	  *EXTRA File 		 1503232	X:\Development\of_v0.10.1_vs2017_release\apps\myApps\E-Beat\bin\fmodex64.dll
  	  *EXTRA File 		 1552384	X:\Development\of_v0.10.1_vs2017_release\apps\myApps\E-Beat\bin\fmodexL64.dll
  	  *EXTRA File 		 6942208	X:\Development\of_v0.10.1_vs2017_release\apps\myApps\E-Beat\bin\FreeImage.dll
  
  	                   1	X:\Development\of_v0.10.1_vs2017_release\libs\FreeImage\lib\vs\Win32\
  	  *EXTRA File 		 1266176	X:\Development\of_v0.10.1_vs2017_release\apps\myApps\E-Beat\bin\fmodex.dll
  	  *EXTRA File 		 1503232	X:\Development\of_v0.10.1_vs2017_release\apps\myApps\E-Beat\bin\fmodex64.dll
  	  *EXTRA File 		 1312768	X:\Development\of_v0.10.1_vs2017_release\apps\myApps\E-Beat\bin\fmodexL.dll
  	  *EXTRA File 		 1552384	X:\Development\of_v0.10.1_vs2017_release\apps\myApps\E-Beat\bin\fmodexL64.dll
  	    Newer     		 6018560	X:\Development\of_v0.10.1_vs2017_release\libs\FreeImage\lib\vs\Win32\FreeImage.dll
